2026-02-23 15:58:33.061709: Executing query: TRUNCATE TABLE TEMP.TMP_D_LOCATION
2026-02-23 15:58:33.678452: Query Result: [('Statement executed successfully.',)]
2026-02-23 15:58:33.678525: Executing query: 
                INSERT INTO TEMP.TMP_D_LOCATION
                (COUNTRY, REGION, STATE, CITY, POSTAL_CODE)
                SELECT DISTINCT COUNTRY
                ,REGION
                ,STATE
                ,CITY
                ,POSTAL_CODE                
                FROM STAGE.STG_D_LOCATION
            
2026-02-23 15:58:34.698741: Query Result: [(25,)]
2026-02-23 15:58:34.699061: Executing query: 
                MERGE INTO TARGET.TGT_D_LOCATION AS TGT
                USING TEMP.TMP_D_LOCATION AS TMP
                    ON TGT.POSTAL_CODE = TMP.POSTAL_CODE
                WHEN MATCHED THEN
                    UPDATE SET TGT.COUNTRY = TMP.COUNTRY, 
                    TGT.REGION = TMP.REGION,
                    TGT.STATE = TMP.STATE,
                    TGT.CITY = TMP.CITY
                WHEN NOT MATCHED THEN
                    INSERT (TGT.COUNTRY, TGT.REGION, TGT.STATE, TGT.CITY, TGT.POSTAL_CODE)
                    VALUES (TMP.COUNTRY, TMP.REGION, TMP.STATE, TMP.CITY, TMP.POSTAL_CODE);
            
2026-02-23 15:58:35.824765: Query Result: [(25, 0)]
